<?xml version="1.0" encoding="UTF-8"?>
<!-- Generated by org.testng.reporters.JUnitXMLReporter -->
<testsuite ignored="0" hostname="Prince-Dwivedi" failures="0" tests="2" name="EdgeTest" time="4.337" errors="0" timestamp="2022-07-22T02:56:16 IST">
  <testcase classname="crossBrowserTesting.BaseTest" name="@BeforeTest launchApp" time="4.297">
    <failure type="org.openqa.selenium.WebDriverException" message="unknown error: Microsoft Edge failed to start: crashed.
  (unknown error: DevToolsActivePort file doesn&amp;apos;t exist)
  (The process started from msedge location C:\Program Files (x86)\Microsoft\Edge\Application\msedge.exe is no longer running, so msedgedriver is assuming that msedge has crashed.)
Build info: version: &amp;apos;3.141.59&amp;apos;, revision: &amp;apos;e82be7d358&amp;apos;, time: &amp;apos;2018-11-14T08:17:03&amp;apos;
System info: host: &amp;apos;PRINCE-DWIVEDI&amp;apos;, ip: &amp;apos;192.168.1.6&amp;apos;, os.name: &amp;apos;Windows 11&amp;apos;, os.arch: &amp;apos;amd64&amp;apos;, os.version: &amp;apos;10.0&amp;apos;, java.version: &amp;apos;11.0.15.1&amp;apos;
Driver info: driver.version: EdgeDriver
remote stacktrace: Backtrace:
	Microsoft::Applications::Events::EventProperties::unpack [0x008CB053+58259]
	Microsoft::Applications::Events::ISemanticContext::SetTicket [0x007C0251+690561]
	Microsoft::Applications::Events::ILogConfiguration::operator* [0x0064ACEE+3518]
	Microsoft::Applications::Events::GUID_t::GUID_t [0x00667E25+44709]
	Microsoft::Applications::Events::GUID_t::GUID_t [0x00664239+29369]
	Microsoft::Applications::Events::GUID_t::GUID_t [0x0068E3D5+201813]
	Microsoft::Applications::Events::GUID_t::GUID_t [0x0068DDFE+200318]
	Microsoft::Applications::Events::GUID_t::GUID_t [0x006892D6+181078]
	Microsoft::Applications::Events::GUID_t::GUID_t [0x0066C786+63494]
	Microsoft::Applications::Events::GUID_t::GUID_t [0x0066D516+66966]
	Microsoft::Applications::Events::ILogManager::DispatchEventBroadcast [0x00AC2675+668677]
	Microsoft::Applications::Events::ILogManager::DispatchEventBroadcast [0x00A35DF3+93059]
	Microsoft::Applications::Events::ILogManager::DispatchEventBroadcast [0x00A35A87+92183]
	Microsoft::Applications::Events::ILogManager::DispatchEventBroadcast [0x00A3993A+108234]
	Microsoft::Applications::Events::ILogManager::DispatchEventBroadcast [0x00A364DA+94826]
	Microsoft::Applications::Events::ISemanticContext::SetTicket [0x007D1F8B+763579]
	Microsoft::Applications::Events::ISemanticContext::SetTicket [0x007DCAE8+807448]
	Microsoft::Applications::Events::ISemanticContext::SetTicket [0x007DCC72+807842]
	Microsoft::Applications::Events::ISemanticContext::SetTicket [0x007EF322+883282]
	BaseThreadInitThunk [0x75C86739+25]
	RtlGetFullPathName_UEx [0x77038FEF+1215]
	RtlGetFullPathName_UEx [0x77038FBD+1165]
">
      <![CDATA[org.openqa.selenium.WebDriverException: unknown error: Microsoft Edge failed to start: crashed.
  (unknown error: DevToolsActivePort file doesn't exist)
  (The process started from msedge location C:\Program Files (x86)\Microsoft\Edge\Application\msedge.exe is no longer running, so msedgedriver is assuming that msedge has crashed.)
Build info: version: '3.141.59', revision: 'e82be7d358', time: '2018-11-14T08:17:03'
System info: host: 'PRINCE-DWIVEDI', ip: '192.168.1.6', os.name: 'Windows 11', os.arch: 'amd64', os.version: '10.0', java.version: '11.0.15.1'
Driver info: driver.version: EdgeDriver
remote stacktrace: Backtrace:
Microsoft::Applications::Events::EventProperties::unpack [0x008CB053+58259]
Microsoft::Applications::Events::ISemanticContext::SetTicket [0x007C0251+690561]
Microsoft::Applications::Events::ILogConfiguration::operator* [0x0064ACEE+3518]
Microsoft::Applications::Events::GUID_t::GUID_t [0x00667E25+44709]
Microsoft::Applications::Events::GUID_t::GUID_t [0x00664239+29369]
Microsoft::Applications::Events::GUID_t::GUID_t [0x0068E3D5+201813]
Microsoft::Applications::Events::GUID_t::GUID_t [0x0068DDFE+200318]
Microsoft::Applications::Events::GUID_t::GUID_t [0x006892D6+181078]
Microsoft::Applications::Events::GUID_t::GUID_t [0x0066C786+63494]
Microsoft::Applications::Events::GUID_t::GUID_t [0x0066D516+66966]
Microsoft::Applications::Events::ILogManager::DispatchEventBroadcast [0x00AC2675+668677]
Microsoft::Applications::Events::ILogManager::DispatchEventBroadcast [0x00A35DF3+93059]
Microsoft::Applications::Events::ILogManager::DispatchEventBroadcast [0x00A35A87+92183]
Microsoft::Applications::Events::ILogManager::DispatchEventBroadcast [0x00A3993A+108234]
Microsoft::Applications::Events::ILogManager::DispatchEventBroadcast [0x00A364DA+94826]
Microsoft::Applications::Events::ISemanticContext::SetTicket [0x007D1F8B+763579]
Microsoft::Applications::Events::ISemanticContext::SetTicket [0x007DCAE8+807448]
Microsoft::Applications::Events::ISemanticContext::SetTicket [0x007DCC72+807842]
Microsoft::Applications::Events::ISemanticContext::SetTicket [0x007EF322+883282]
BaseThreadInitThunk [0x75C86739+25]
RtlGetFullPathName_UEx [0x77038FEF+1215]
RtlGetFullPathName_UEx [0x77038FBD+1165]

at org.openqa.selenium.remote.W3CHandshakeResponse.lambda$errorHandler$0(W3CHandshakeResponse.java:62)
at org.openqa.selenium.remote.HandshakeResponse.lambda$getResponseFunction$0(HandshakeResponse.java:30)
at org.openqa.selenium.remote.ProtocolHandshake.lambda$createSession$0(ProtocolHandshake.java:126)
at java.base/java.util.stream.ReferencePipeline$3$1.accept(ReferencePipeline.java:195)
at java.base/java.util.Spliterators$ArraySpliterator.tryAdvance(Spliterators.java:958)
at java.base/java.util.stream.ReferencePipeline.forEachWithCancel(ReferencePipeline.java:127)
at java.base/java.util.stream.AbstractPipeline.copyIntoWithCancel(AbstractPipeline.java:502)
at java.base/java.util.stream.AbstractPipeline.copyInto(AbstractPipeline.java:488)
at java.base/java.util.stream.AbstractPipeline.wrapAndCopyInto(AbstractPipeline.java:474)
at java.base/java.util.stream.FindOps$FindOp.evaluateSequential(FindOps.java:150)
at java.base/java.util.stream.AbstractPipeline.evaluate(AbstractPipeline.java:234)
at java.base/java.util.stream.ReferencePipeline.findFirst(ReferencePipeline.java:543)
at org.openqa.selenium.remote.ProtocolHandshake.createSession(ProtocolHandshake.java:128)
at org.openqa.selenium.remote.ProtocolHandshake.createSession(ProtocolHandshake.java:74)
at org.openqa.selenium.remote.HttpCommandExecutor.execute(HttpCommandExecutor.java:136)
at org.openqa.selenium.remote.service.DriverCommandExecutor.execute(DriverCommandExecutor.java:83)
at org.openqa.selenium.remote.RemoteWebDriver.execute(RemoteWebDriver.java:552)
at org.openqa.selenium.remote.RemoteWebDriver.startSession(RemoteWebDriver.java:213)
at org.openqa.selenium.remote.RemoteWebDriver.<init>(RemoteWebDriver.java:131)
at org.openqa.selenium.edge.EdgeDriver.<init>(EdgeDriver.java:141)
at org.openqa.selenium.edge.EdgeDriver.<init>(EdgeDriver.java:96)
at crossBrowserTesting.BaseTest.launchApp(BaseTest.java:39)
... Removed 31 stack frames]]>
    </failure>
  </testcase> <!-- @BeforeTest launchApp -->
  <testcase classname="crossBrowserTesting.BaseTest" name="@AfterTest closeApp" time="0.0">
    <skipped/>
  </testcase> <!-- @AfterTest closeApp -->
  <testcase classname="crossBrowserTesting.HRMLoginTest" name="login" time="0.0">
    <skipped/>
  </testcase> <!-- login -->
  <testcase classname="crossBrowserTesting.HRMLoginTest" name="logout" time="0.0">
    <skipped/>
  </testcase> <!-- logout -->
</testsuite> <!-- EdgeTest -->
