<?xml version="1.0" encoding="UTF-8"?>
<testsuite name="TestSuite" time="6.457" tests="4" errors="0" skipped="0" failures="0">
  <properties>
[...]
</properties>
  <testcase name="login" classname="crossBrowserTesting.HRMLoginTest" time="5.167"/>
  <testcase name="login" classname="crossBrowserTesting.HRMLoginTest" time="4.909"/>
  <testcase name="logout" classname="crossBrowserTesting.HRMLoginTest" time="1.29"/>
  <testcase name="logout" classname="crossBrowserTesting.HRMLoginTest" time="1.496"/>
</testsuite>