<?xml version="1.0" encoding="UTF-8"?>
<testng-results ignored="0" total="4" passed="4" failed="0" skipped="0">
  <reporter-output>
  </reporter-output>
  <suite started-at="2022-07-22T01:18:42 IST" name="Suite" finished-at="2022-07-22T01:19:23 IST" duration-ms="41283">
    <groups>
    </groups>
    <test started-at="2022-07-22T01:18:42 IST" name="EdgeTest" finished-at="2022-07-22T01:19:04 IST" duration-ms="22424">
      <class name="crossBrowserTesting.HRMLoginTest">
        <test-method is-config="true" signature="launchApp(java.lang.String)[pri:0, instance:crossBrowserTesting.HRMLoginTest@28975c28]" started-at="2022-07-22T01:18:42 IST" name="launchApp" finished-at="2022-07-22T01:18:53 IST" duration-ms="11629" status="PASS">
          <params>
            <param index="0">
              <value>
                <![CDATA[edge]]>
              </value>
            </param>
          </params>
          <reporter-output>
          </reporter-output>
        </test-method> <!-- launchApp -->
        <test-method signature="login()[pri:1, instance:crossBrowserTesting.HRMLoginTest@28975c28]" started-at="2022-07-22T01:18:54 IST" name="login" description="verify with valid user details" finished-at="2022-07-22T01:18:59 IST" duration-ms="5164" status="PASS">
          <reporter-output>
          </reporter-output>
        </test-method> <!-- login -->
        <test-method signature="logout()[pri:2, instance:crossBrowserTesting.HRMLoginTest@28975c28]" started-at="2022-07-22T01:18:59 IST" name="logout" finished-at="2022-07-22T01:19:00 IST" duration-ms="1291" status="PASS">
          <reporter-output>
          </reporter-output>
        </test-method> <!-- logout -->
        <test-method is-config="true" signature="closeApp()[pri:0, instance:crossBrowserTesting.HRMLoginTest@28975c28]" started-at="2022-07-22T01:19:00 IST" name="closeApp" finished-at="2022-07-22T01:19:04 IST" duration-ms="4251" status="PASS">
          <reporter-output>
          </reporter-output>
        </test-method> <!-- closeApp -->
      </class> <!-- crossBrowserTesting.HRMLoginTest -->
    </test> <!-- EdgeTest -->
    <test started-at="2022-07-22T01:19:04 IST" name="ChromeTest" finished-at="2022-07-22T01:19:23 IST" duration-ms="18815">
      <class name="crossBrowserTesting.HRMLoginTest">
        <test-method is-config="true" signature="launchApp(java.lang.String)[pri:0, instance:crossBrowserTesting.HRMLoginTest@6a370f4]" started-at="2022-07-22T01:19:04 IST" name="launchApp" finished-at="2022-07-22T01:19:13 IST" duration-ms="8240" status="PASS">
          <params>
            <param index="0">
              <value>
                <![CDATA[chrome]]>
              </value>
            </param>
          </params>
          <reporter-output>
          </reporter-output>
        </test-method> <!-- launchApp -->
        <test-method signature="login()[pri:1, instance:crossBrowserTesting.HRMLoginTest@6a370f4]" started-at="2022-07-22T01:19:13 IST" name="login" description="verify with valid user details" finished-at="2022-07-22T01:19:17 IST" duration-ms="4909" status="PASS">
          <reporter-output>
          </reporter-output>
        </test-method> <!-- login -->
        <test-method signature="logout()[pri:2, instance:crossBrowserTesting.HRMLoginTest@6a370f4]" started-at="2022-07-22T01:19:17 IST" name="logout" finished-at="2022-07-22T01:19:19 IST" duration-ms="1493" status="PASS">
          <reporter-output>
          </reporter-output>
        </test-method> <!-- logout -->
        <test-method is-config="true" signature="closeApp()[pri:0, instance:crossBrowserTesting.HRMLoginTest@6a370f4]" started-at="2022-07-22T01:19:19 IST" name="closeApp" finished-at="2022-07-22T01:19:23 IST" duration-ms="4164" status="PASS">
          <reporter-output>
          </reporter-output>
        </test-method> <!-- closeApp -->
      </class> <!-- crossBrowserTesting.HRMLoginTest -->
    </test> <!-- ChromeTest -->
  </suite> <!-- Suite -->
</testng-results>
