<?xml version="1.0" encoding="UTF-8"?>
<testng-results ignored="0" total="4" passed="4" failed="0" skipped="0">
  <reporter-output>
  </reporter-output>
  <suite started-at="2022-07-21T23:13:17 IST" name="Suite" finished-at="2022-07-21T23:13:52 IST" duration-ms="35097">
    <groups>
    </groups>
    <test started-at="2022-07-21T23:13:17 IST" name="EdgeTest" finished-at="2022-07-21T23:13:36 IST" duration-ms="19121">
      <class name="crossBrowserTesting.HRMLoginTest">
        <test-method is-config="true" signature="launchApp(java.lang.String)[pri:0, instance:crossBrowserTesting.HRMLoginTest@4d154ccd]" started-at="2022-07-21T23:13:17 IST" name="launchApp" finished-at="2022-07-21T23:13:25 IST" duration-ms="8310" status="PASS">
          <params>
            <param index="0">
              <value>
                <![CDATA[edge]]>
              </value>
            </param>
          </params>
          <reporter-output>
          </reporter-output>
        </test-method> <!-- launchApp -->
        <test-method signature="login()[pri:1, instance:crossBrowserTesting.HRMLoginTest@4d154ccd]" started-at="2022-07-21T23:13:25 IST" name="login" description="verify with valid user details" finished-at="2022-07-21T23:13:31 IST" duration-ms="5610" status="PASS">
          <reporter-output>
          </reporter-output>
        </test-method> <!-- login -->
        <test-method signature="logout()[pri:2, instance:crossBrowserTesting.HRMLoginTest@4d154ccd]" started-at="2022-07-21T23:13:31 IST" name="logout" finished-at="2022-07-21T23:13:32 IST" duration-ms="1051" status="PASS">
          <reporter-output>
          </reporter-output>
        </test-method> <!-- logout -->
        <test-method is-config="true" signature="closeApp()[pri:0, instance:crossBrowserTesting.HRMLoginTest@4d154ccd]" started-at="2022-07-21T23:13:32 IST" name="closeApp" finished-at="2022-07-21T23:13:36 IST" duration-ms="4102" status="PASS">
          <reporter-output>
          </reporter-output>
        </test-method> <!-- closeApp -->
      </class> <!-- crossBrowserTesting.HRMLoginTest -->
    </test> <!-- EdgeTest -->
    <test started-at="2022-07-21T23:13:36 IST" name="ChromeTest" finished-at="2022-07-21T23:13:52 IST" duration-ms="15924">
      <class name="crossBrowserTesting.HRMLoginTest">
        <test-method is-config="true" signature="launchApp(java.lang.String)[pri:0, instance:crossBrowserTesting.HRMLoginTest@543295b0]" started-at="2022-07-21T23:13:36 IST" name="launchApp" finished-at="2022-07-21T23:13:42 IST" duration-ms="5439" status="PASS">
          <params>
            <param index="0">
              <value>
                <![CDATA[chrome]]>
              </value>
            </param>
          </params>
          <reporter-output>
          </reporter-output>
        </test-method> <!-- launchApp -->
        <test-method signature="login()[pri:1, instance:crossBrowserTesting.HRMLoginTest@543295b0]" started-at="2022-07-21T23:13:42 IST" name="login" description="verify with valid user details" finished-at="2022-07-21T23:13:47 IST" duration-ms="5280" status="PASS">
          <reporter-output>
          </reporter-output>
        </test-method> <!-- login -->
        <test-method signature="logout()[pri:2, instance:crossBrowserTesting.HRMLoginTest@543295b0]" started-at="2022-07-21T23:13:47 IST" name="logout" finished-at="2022-07-21T23:13:48 IST" duration-ms="1015" status="PASS">
          <reporter-output>
          </reporter-output>
        </test-method> <!-- logout -->
        <test-method is-config="true" signature="closeApp()[pri:0, instance:crossBrowserTesting.HRMLoginTest@543295b0]" started-at="2022-07-21T23:13:48 IST" name="closeApp" finished-at="2022-07-21T23:13:52 IST" duration-ms="4184" status="PASS">
          <reporter-output>
          </reporter-output>
        </test-method> <!-- closeApp -->
      </class> <!-- crossBrowserTesting.HRMLoginTest -->
    </test> <!-- ChromeTest -->
  </suite> <!-- Suite -->
</testng-results>
